Linked: (/home/tamizhanban/Documents/ITR/ws_moveit/devel/.private/moveit_ros_perception/lib/libmoveit_semantic_world.so, /home/tamizhanban/Documents/ITR/ws_moveit/devel/lib/libmoveit_semantic_world.so)
Linked: (/home/tamizhanban/Documents/ITR/ws_moveit/devel/.private/moveit_ros_perception/lib/libmoveit_lazy_free_space_updater.so.1.1.15, /home/tamizhanban/Documents/ITR/ws_moveit/devel/lib/libmoveit_lazy_free_space_updater.so.1.1.15)
Linked: (/home/tamizhanban/Documents/ITR/ws_moveit/devel/.private/moveit_ros_perception/lib/libmoveit_point_containment_filter.so.1.1.15, /home/tamizhanban/Documents/ITR/ws_moveit/devel/lib/libmoveit_point_containment_filter.so.1.1.15)
Linked: (/home/tamizhanban/Documents/ITR/ws_moveit/devel/.private/moveit_ros_perception/lib/libmoveit_depth_image_octomap_updater_core.so, /home/tamizhanban/Documents/ITR/ws_moveit/devel/lib/libmoveit_depth_image_octomap_updater_core.so)
Linked: (/home/tamizhanban/Documents/ITR/ws_moveit/devel/.private/moveit_ros_perception/lib/libmoveit_depth_self_filter.so.1.1.15, /home/tamizhanban/Documents/ITR/ws_moveit/devel/lib/libmoveit_depth_self_filter.so.1.1.15)
Linked: (/home/tamizhanban/Documents/ITR/ws_moveit/devel/.private/moveit_ros_perception/lib/libmoveit_lazy_free_space_updater.so, /home/tamizhanban/Documents/ITR/ws_moveit/devel/lib/libmoveit_lazy_free_space_updater.so)
Linked: (/home/tamizhanban/Documents/ITR/ws_moveit/devel/.private/moveit_ros_perception/lib/libmoveit_depth_image_octomap_updater_core.so.1.1.15, /home/tamizhanban/Documents/ITR/ws_moveit/devel/lib/libmoveit_depth_image_octomap_updater_core.so.1.1.15)
Linked: (/home/tamizhanban/Documents/ITR/ws_moveit/devel/.private/moveit_ros_perception/lib/libmoveit_depth_image_octomap_updater.so, /home/tamizhanban/Documents/ITR/ws_moveit/devel/lib/libmoveit_depth_image_octomap_updater.so)
Linked: (/home/tamizhanban/Documents/ITR/ws_moveit/devel/.private/moveit_ros_perception/lib/libmoveit_point_containment_filter.so, /home/tamizhanban/Documents/ITR/ws_moveit/devel/lib/libmoveit_point_containment_filter.so)
Linked: (/home/tamizhanban/Documents/ITR/ws_moveit/devel/.private/moveit_ros_perception/lib/libmoveit_depth_image_octomap_updater.so.1.1.15, /home/tamizhanban/Documents/ITR/ws_moveit/devel/lib/libmoveit_depth_image_octomap_updater.so.1.1.15)
Linked: (/home/tamizhanban/Documents/ITR/ws_moveit/devel/.private/moveit_ros_perception/lib/libmoveit_pointcloud_octomap_updater_core.so.1.1.15, /home/tamizhanban/Documents/ITR/ws_moveit/devel/lib/libmoveit_pointcloud_octomap_updater_core.so.1.1.15)
Linked: (/home/tamizhanban/Documents/ITR/ws_moveit/devel/.private/moveit_ros_perception/lib/libmoveit_mesh_filter.so.1.1.15, /home/tamizhanban/Documents/ITR/ws_moveit/devel/lib/libmoveit_mesh_filter.so.1.1.15)
Linked: (/home/tamizhanban/Documents/ITR/ws_moveit/devel/.private/moveit_ros_perception/lib/libmoveit_mesh_filter.so, /home/tamizhanban/Documents/ITR/ws_moveit/devel/lib/libmoveit_mesh_filter.so)
Linked: (/home/tamizhanban/Documents/ITR/ws_moveit/devel/.private/moveit_ros_perception/lib/libmoveit_pointcloud_octomap_updater_core.so, /home/tamizhanban/Documents/ITR/ws_moveit/devel/lib/libmoveit_pointcloud_octomap_updater_core.so)
Linked: (/home/tamizhanban/Documents/ITR/ws_moveit/devel/.private/moveit_ros_perception/lib/libmoveit_pointcloud_octomap_updater.so.1.1.15, /home/tamizhanban/Documents/ITR/ws_moveit/devel/lib/libmoveit_pointcloud_octomap_updater.so.1.1.15)
Linked: (/home/tamizhanban/Documents/ITR/ws_moveit/devel/.private/moveit_ros_perception/lib/libmoveit_depth_self_filter.so, /home/tamizhanban/Documents/ITR/ws_moveit/devel/lib/libmoveit_depth_self_filter.so)
Linked: (/home/tamizhanban/Documents/ITR/ws_moveit/devel/.private/moveit_ros_perception/lib/libmoveit_pointcloud_octomap_updater.so, /home/tamizhanban/Documents/ITR/ws_moveit/devel/lib/libmoveit_pointcloud_octomap_updater.so)
Linked: (/home/tamizhanban/Documents/ITR/ws_moveit/devel/.private/moveit_ros_perception/lib/libmoveit_semantic_world.so.1.1.15, /home/tamizhanban/Documents/ITR/ws_moveit/devel/lib/libmoveit_semantic_world.so.1.1.15)
Linked: (/home/tamizhanban/Documents/ITR/ws_moveit/devel/.private/moveit_ros_perception/lib/pkgconfig/moveit_ros_perception.pc, /home/tamizhanban/Documents/ITR/ws_moveit/devel/lib/pkgconfig/moveit_ros_perception.pc)
Linked: (/home/tamizhanban/Documents/ITR/ws_moveit/devel/.private/moveit_ros_perception/share/moveit_ros_perception/cmake/moveit_ros_perceptionConfig.cmake, /home/tamizhanban/Documents/ITR/ws_moveit/devel/share/moveit_ros_perception/cmake/moveit_ros_perceptionConfig.cmake)
Linked: (/home/tamizhanban/Documents/ITR/ws_moveit/devel/.private/moveit_ros_perception/share/moveit_ros_perception/cmake/moveit_ros_perceptionConfig-version.cmake, /home/tamizhanban/Documents/ITR/ws_moveit/devel/share/moveit_ros_perception/cmake/moveit_ros_perceptionConfig-version.cmake)
